2025-06-08 14:44:59,571 - INFO - 🔄 Fetching reviews...
2025-06-08 14:45:00,652 - ERROR - Error occurred: [Errno 2] No such file or directory: '../data/raw/Dashen_reviews_20250608_144500.csv'
2025-06-08 14:49:37,646 - INFO - 🔄 Fetching reviews...
2025-06-08 14:49:38,524 - INFO - ✅ Saved 200 reviews to Dashen_reviews_20250608_144938.csv
2025-06-08 14:56:26,545 - INFO - 🔄 Fetching reviews for Commercial Bank of Ethiopia...
2025-06-08 14:56:27,057 - INFO - ✅ Saved 0 reviews to data/raw/Commercial_Bank_of_Ethiopia_reviews_20250608_145627.csv
2025-06-08 14:56:27,058 - INFO - 🔄 Fetching reviews for Dashen Bank...
2025-06-08 14:56:27,671 - INFO - ✅ Saved 200 reviews to data/raw/Dashen_Bank_reviews_20250608_145627.csv
2025-06-08 14:56:27,671 - INFO - 🔄 Fetching reviews for Bank of Abyssinia...
2025-06-08 14:56:28,007 - INFO - ✅ Saved 0 reviews to data/raw/Bank_of_Abyssinia_reviews_20250608_145628.csv
2025-06-08 14:57:42,810 - INFO - 🔄 Fetching reviews for Commercial Bank of Ethiopia...
2025-06-08 14:57:43,284 - INFO - ✅ Saved 0 reviews to data/raw/Commercial_Bank_of_Ethiopia_reviews_20250608_145743.csv
2025-06-08 14:57:43,285 - INFO - 🔄 Fetching reviews for Dashen Bank...
2025-06-08 14:57:43,919 - INFO - ✅ Saved 200 reviews to data/raw/Dashen_Bank_reviews_20250608_145743.csv
2025-06-08 14:57:43,920 - INFO - 🔄 Fetching reviews for Bank of Abyssinia...
2025-06-08 14:57:44,256 - INFO - ✅ Saved 0 reviews to data/raw/Bank_of_Abyssinia_reviews_20250608_145744.csv
2025-06-08 14:58:05,169 - INFO - 🔄 Fetching reviews for Commercial Bank of Ethiopia...
2025-06-08 14:58:05,527 - INFO - ✅ Saved 0 reviews to data/raw/Commercial_Bank_of_Ethiopia_reviews_20250608_145805.csv
2025-06-08 14:58:05,528 - INFO - 🔄 Fetching reviews for Dashen Bank...
2025-06-08 14:58:06,229 - INFO - ✅ Saved 200 reviews to data/raw/Dashen_Bank_reviews_20250608_145806.csv
2025-06-08 14:58:06,229 - INFO - 🔄 Fetching reviews for Bank of Abyssinia...
2025-06-08 14:58:06,539 - INFO - ✅ Saved 0 reviews to data/raw/Bank_of_Abyssinia_reviews_20250608_145806.csv
2025-06-08 15:33:18,142 - INFO - 🔄 Fetching reviews for Commercial Bank of Ethiopia...
2025-06-08 15:33:18,726 - INFO - ✅ Saved 0 reviews to data/raw/Commercial_Bank_of_Ethiopia_reviews_20250608_153318.csv
2025-06-08 15:33:18,726 - INFO - 🔄 Fetching reviews for Dashen Bank...
2025-06-08 15:33:19,353 - INFO - ✅ Saved 200 reviews to data/raw/Dashen_Bank_reviews_20250608_153319.csv
2025-06-08 15:33:19,353 - INFO - 🔄 Fetching reviews for Bank of Abyssinia...
2025-06-08 15:33:19,768 - INFO - ✅ Saved 0 reviews to data/raw/Bank_of_Abyssinia_reviews_20250608_153319.csv
2025-06-08 15:41:23,312 - INFO - 🔄 Fetching reviews for Commercial Bank of Ethiopia...
2025-06-08 15:41:24,085 - INFO - ✅ Saved 200 reviews to data/raw/Commercial_Bank_of_Ethiopia_reviews_20250608_154124.csv
2025-06-08 15:41:24,085 - INFO - 🔄 Fetching reviews for Dashen Bank...
2025-06-08 15:41:24,884 - INFO - ✅ Saved 200 reviews to data/raw/Dashen_Bank_reviews_20250608_154124.csv
2025-06-08 15:41:24,884 - INFO - 🔄 Fetching reviews for Bank of Abyssinia...
2025-06-08 15:41:25,205 - INFO - ✅ Saved 0 reviews to data/raw/Bank_of_Abyssinia_reviews_20250608_154125.csv
2025-06-08 15:42:27,941 - INFO - 🔄 Fetching reviews for Commercial Bank of Ethiopia...
2025-06-08 15:42:29,283 - INFO - ✅ Saved 200 reviews to data/raw/Commercial_Bank_of_Ethiopia_reviews_20250608_154229.csv
2025-06-08 15:42:29,284 - INFO - 🔄 Fetching reviews for Dashen Bank...
2025-06-08 15:42:30,055 - INFO - ✅ Saved 200 reviews to data/raw/Dashen_Bank_reviews_20250608_154230.csv
2025-06-08 15:42:30,055 - INFO - 🔄 Fetching reviews for Bank of Abyssinia...
2025-06-08 15:42:30,713 - INFO - ✅ Saved 200 reviews to data/raw/Bank_of_Abyssinia_reviews_20250608_154230.csv
2025-06-08 15:46:20,461 - INFO - 🔄 Fetching reviews for Commercial Bank of Ethiopia...
2025-06-08 15:46:21,585 - INFO - ✅ Saved 500 reviews to data/raw/Commercial_Bank_of_Ethiopia_reviews_20250608_154621.csv
2025-06-08 15:46:21,585 - INFO - 🔄 Fetching reviews for Dashen Bank...
2025-06-08 15:46:22,537 - INFO - ✅ Saved 449 reviews to data/raw/Dashen_Bank_reviews_20250608_154622.csv
2025-06-08 15:46:22,538 - INFO - 🔄 Fetching reviews for Bank of Abyssinia...
2025-06-08 15:46:23,535 - INFO - ✅ Saved 500 reviews to data/raw/Bank_of_Abyssinia_reviews_20250608_154623.csv
